  Building Custom Rule C:/OrTools/or-tools_x64_VisualStudio2022_cpp_v9.11.4210/examples/vrp/CMakeLists.txt
  stdafx.cpp
  ClarkWrightHandler.cpp
  Cluster.cpp
  DecodedFrogLeapSolution.cpp
  DistanceTable.cpp
  DistVect.cpp
  FeasibleSolCol.cpp
  FeasibleSolution.cpp
  FeasSolNode.cpp
  FloatDistanceTable.cpp
  FrogLeapController.cpp
  FrogLeapSolution.cpp
  FrogObject.cpp
  FrogObjectCol.cpp
  FrogObjNode.cpp
C:\OrTools\build_test\DecodedFrogLeapSolution.cpp(1521,17): warning C4313: 'fprintf': '%d' in format string conflicts with argument 1 of type 'char *'
  (compiling source file '/DecodedFrogLeapSolution.cpp')
  
  Graph.cpp
  IndexList.cpp
  IndexListNode.cpp
  Pair.cpp
  SolutionData.cpp
  DataModel.cpp
  TestCaseObj.cpp
  TspLibEuc2D.cpp
  Vehicle.cpp
  Vertex.cpp
  vrp.cpp
C:\OrTools\build_test\Vehicle.cpp(620,17): warning C4473: 'fprintf' : not enough arguments passed for format string
  (compiling source file '/Vehicle.cpp')
      C:\OrTools\build_test\Vehicle.cpp(620,17):
      placeholders and their parameters expect 1 variadic arguments, but 0 were provided
      C:\OrTools\build_test\Vehicle.cpp(620,17):
      the missing variadic argument 1 is required by format string '%d'
  
C:\OrTools\build_test\FrogLeapController.cpp(3317,36): warning C4473: 'sprintf_s' : not enough arguments passed for format string
  (compiling source file '/FrogLeapController.cpp')
      C:\OrTools\build_test\FrogLeapController.cpp(3317,36):
      placeholders and their parameters expect 4 variadic arguments, but 3 were provided
      C:\OrTools\build_test\FrogLeapController.cpp(3317,36):
      the missing variadic argument 4 is required by format string '%.3f'
  
  vrp.vcxproj -> C:\OrTools\build_test\Release\bin\vrp.exe
